[knowled5] [2019-08-01 09:53:53] [remove] https://ebaydownloads.com Database and Database User Removed

[knowled5] [2019-08-01 09:53:54] [remove] https://ebaydownloads.com Directory Removed

[knowled5] [2019-08-01 09:53:54] [remove] https://ebaydownloads.com Finished Remove

[knowled5] [2019-08-05 09:51:38] [remove] http://www.bettermancoach.com Database and Database User Removed

[knowled5] [2019-08-05 09:51:38] [remove] http://www.bettermancoach.com Directory Removed

[knowled5] [2019-08-05 09:51:39] [remove] http://www.bettermancoach.com Finished Remove

[knowled5] [2019-08-05 09:51:53] [remove] http://knowledgedr.com Database and Database User Removed

[knowled5] [2019-08-05 09:51:56] [remove] http://knowledgedr.com Directory Removed

[knowled5] [2019-08-05 09:51:56] [remove] http://knowledgedr.com Finished Remove

[knowled5] [2019-08-05 10:00:49] [software] Task Key : CAhUK1l1naUnQT41qIC9C6eTVBSOkDzB

[knowled5] [2019-08-05 10:00:49] [software] http://www.bettermancoach.com Finished loading __post_settings

[knowled5] [2019-08-05 10:00:49] [software] http://www.bettermancoach.com Completed Requirement Checks

[knowled5] [2019-08-05 10:00:49] [software] http://www.bettermancoach.com Creating DB : knowled5_wp363 and DB User : knowled5_wp363

[knowled5] [2019-08-05 10:00:51] [software] http://www.bettermancoach.com Unzipped Package successfully

[knowled5] [2019-08-05 10:00:51] [software] http://www.bettermancoach.com Calling Software installer

[knowled5] [2019-08-05 10:00:54] [software] http://www.bettermancoach.com Finished Software installer

[knowled5] [2019-08-05 10:00:54] [software] http://www.bettermancoach.com Modifying Scripts footer links

[knowled5] [2019-08-05 10:00:54] [software] http://www.bettermancoach.com Saving installation details

[knowled5] [2019-08-05 10:00:54] [software] http://www.bettermancoach.com Finished Install

[knowled5] [2019-08-22 06:17:33] [remove] http://www.bettermancoach.com Database and Database User Removed

[knowled5] [2019-08-22 06:17:37] [remove] http://www.bettermancoach.com Directory Removed

[knowled5] [2019-08-22 06:17:37] [remove] http://www.bettermancoach.com Finished Remove

[knowled5] [2019-08-22 06:43:35] [software] Task Key : 1YvTr5kpwdjGFb9dGtjWQqNdZbYiQog1

[knowled5] [2019-08-22 06:43:36] [software] http://www.bettermancoach.com Finished loading __post_settings

[knowled5] [2019-08-22 06:43:36] [software] http://www.bettermancoach.com Completed Requirement Checks

[knowled5] [2019-08-22 06:43:36] [software] http://www.bettermancoach.com Creating DB : knowled5_wp642 and DB User : knowled5_wp642

[knowled5] [2019-08-22 06:43:38] [software] http://www.bettermancoach.com Unzipped Package successfully

[knowled5] [2019-08-22 06:43:38] [software] http://www.bettermancoach.com Calling Software installer

[knowled5] [2019-08-22 06:43:42] [software] http://www.bettermancoach.com Finished Software installer

[knowled5] [2019-08-22 06:43:42] [software] http://www.bettermancoach.com Modifying Scripts footer links

[knowled5] [2019-08-22 06:43:42] [software] http://www.bettermancoach.com Saving installation details

[knowled5] [2019-08-22 06:43:42] [software] http://www.bettermancoach.com Finished Install

[knowled5] [2019-09-15 09:21:36] [software] Task Key : OJMYiUZy6RbuFJRGRNoqf4KMBWNs4k4Z

[knowled5] [2019-09-15 09:21:37] [software] http://decodewomen.com Finished loading __post_settings

[knowled5] [2019-09-15 09:21:37] [software] http://decodewomen.com Completed Requirement Checks

[knowled5] [2019-09-15 09:21:37] [software] http://decodewomen.com Creating DB : knowled5_wp134 and DB User : knowled5_wp134

[knowled5] [2019-09-15 09:21:39] [software] http://decodewomen.com Unzipped Package successfully

[knowled5] [2019-09-15 09:21:39] [software] http://decodewomen.com Calling Software installer

[knowled5] [2019-09-15 09:21:43] [software] http://decodewomen.com Finished Software installer

[knowled5] [2019-09-15 09:21:43] [software] http://decodewomen.com Modifying Scripts footer links

[knowled5] [2019-09-15 09:21:43] [software] http://decodewomen.com Saving installation details

[knowled5] [2019-09-15 09:21:43] [software] http://decodewomen.com Finished Install

[knowled5] [2019-11-09 11:56:45] [remove] http://www.bettermancoach.com Database and Database User Removed

[knowled5] [2019-11-09 11:56:47] [remove] http://www.bettermancoach.com Directory Removed

[knowled5] [2019-11-09 11:56:47] [remove] http://www.bettermancoach.com Finished Remove

[knowled5] [2019-11-09 11:59:29] [remove] http://decodewomen.com Database and Database User Removed

[knowled5] [2019-11-09 11:59:31] [remove] http://decodewomen.com Directory Removed

[knowled5] [2019-11-09 11:59:31] [remove] http://decodewomen.com Finished Remove

[knowled5] [2019-11-09 12:06:10] [software] Task Key : IXEWhNnXhYhiFpnQQqrlkKHXLMuQIolK

[knowled5] [2019-11-09 12:06:11] [software] https://decodewomen.com Finished loading __post_settings

[knowled5] [2019-11-09 12:06:11] [software] https://decodewomen.com Completed Requirement Checks

[knowled5] [2019-11-09 12:06:11] [software] https://decodewomen.com Creating DB : knowled5_wp674 and DB User : knowled5_wp674

[knowled5] [2019-11-09 12:06:13] [software] https://decodewomen.com Unzipped Package successfully

[knowled5] [2019-11-09 12:06:13] [software] https://decodewomen.com Calling Software installer

[knowled5] [2019-11-09 12:06:16] [software] https://decodewomen.com Finished Software installer

[knowled5] [2019-11-09 12:06:16] [software] https://decodewomen.com Modifying Scripts footer links

[knowled5] [2019-11-09 12:06:16] [software] https://decodewomen.com Saving installation details

[knowled5] [2019-11-09 12:06:16] [software] https://decodewomen.com Finished Install

[knowled5] [2019-12-14 18:06:26] [remove] https://decodewomen.com Database and Database User Removed

[knowled5] [2019-12-14 18:06:29] [remove] https://decodewomen.com Directory Removed

[knowled5] [2019-12-14 18:06:29] [remove] https://decodewomen.com Finished Remove

[knowled5] [2019-12-14 19:23:43] [software] Task Key : 04oioYJ7rxBOWlEhGkxr3n6bmaYHquV3

[knowled5] [2019-12-14 19:23:43] [software] https://knowledgedr.com Finished loading __post_settings

[knowled5] [2019-12-14 19:23:43] [software] https://knowledgedr.com Completed Requirement Checks

[knowled5] [2019-12-14 19:23:43] [software] https://knowledgedr.com Creating DB : knowled5_wp881 and DB User : knowled5_wp881

[knowled5] [2019-12-14 19:23:44] [software] https://knowledgedr.com index.html found ! Renaming to index.html_

[knowled5] [2019-12-14 19:23:45] [software] https://knowledgedr.com Unzipped Package successfully

[knowled5] [2019-12-14 19:23:45] [software] https://knowledgedr.com Calling Software installer

[knowled5] [2019-12-14 19:23:49] [software] https://knowledgedr.com Finished Software installer

[knowled5] [2019-12-14 19:23:49] [software] https://knowledgedr.com Modifying Scripts footer links

[knowled5] [2019-12-14 19:23:49] [software] https://knowledgedr.com Saving installation details

[knowled5] [2019-12-14 19:23:49] [software] https://knowledgedr.com Finished Install

[knowled5] [2019-12-14 19:35:33] [remove] https://knowledgedr.com Database and Database User Removed

[knowled5] [2019-12-14 19:35:34] [remove] https://knowledgedr.com Directory Removed

[knowled5] [2019-12-14 19:35:34] [remove] https://knowledgedr.com Finished Remove

[knowled5] [2019-12-14 19:36:04] [remove] Incorrect INSID : 26_95781

[knowled5] [2019-12-14 19:38:51] [software] Task Key : 7EcBCwAjFbkceUndS6SEK9Mqu2Tk3gxD

[knowled5] [2019-12-14 19:38:51] [software] http://www.decodewomen.com Finished loading __post_settings

[knowled5] [2019-12-14 19:38:51] [software] http://www.decodewomen.com Completed Requirement Checks

[knowled5] [2019-12-14 19:38:51] [software] http://www.decodewomen.com Creating DB : knowled5_wp729 and DB User : knowled5_wp729

[knowled5] [2019-12-14 19:38:53] [software] http://www.decodewomen.com Unzipped Package successfully

[knowled5] [2019-12-14 19:38:53] [software] http://www.decodewomen.com Calling Software installer

[knowled5] [2019-12-14 19:38:56] [software] http://www.decodewomen.com Finished Software installer

[knowled5] [2019-12-14 19:38:56] [software] http://www.decodewomen.com Modifying Scripts footer links

[knowled5] [2019-12-14 19:38:56] [software] http://www.decodewomen.com Saving installation details

[knowled5] [2019-12-14 19:38:57] [software] http://www.decodewomen.com Finished Install

[knowled5] [2020-02-13 09:07:05] [remove] http://www.decodewomen.com Database and Database User Removed

[knowled5] [2020-02-13 09:07:07] [remove] http://www.decodewomen.com Directory Removed

[knowled5] [2020-02-13 09:07:07] [remove] http://www.decodewomen.com Finished Remove

[knowled5] [2020-02-13 09:07:20] [remove] Incorrect INSID : 26_99434

